INFO:     Started server process [18880]
INFO:     Waiting for application startup.
INFO:     Application startup complete.
INFO:     Uvicorn running on http://127.0.0.1:8000 (Press CTRL+C to quit)
2026-05-26 07:53:28,540 - httpx - INFO - HTTP Request: POST http://localhost:8001/auth/register "HTTP/1.1 200 "
2026-05-26 07:53:29,242 - httpx - INFO - HTTP Request: POST http://localhost:8001/auth/login "HTTP/1.1 200 "
2026-05-26 07:53:29,780 - httpx - INFO - HTTP Request: GET http://localhost:8001/api/preferences "HTTP/1.1 500 "
2026-05-26 07:53:29,784 - services.http_client - ERROR - Downstream error 500 at http://localhost:8001/api/preferences: {"message":"null identifier (com.settings.management.entity.UserPreference)","data":null}
2026-05-26 07:53:30,209 - httpx - INFO - HTTP Request: PUT http://localhost:8001/api/preferences "HTTP/1.1 500 "
2026-05-26 07:53:30,210 - services.http_client - ERROR - Downstream error 500 at http://localhost:8001/api/preferences: {"message":"null identifier (com.settings.management.entity.UserPreference)","data":null}
2026-05-26 07:53:30,530 - httpx - INFO - HTTP Request: GET http://localhost:8001/api/preferences "HTTP/1.1 500 "
2026-05-26 07:53:30,533 - services.http_client - ERROR - Downstream error 500 at http://localhost:8001/api/preferences: {"message":"null identifier (com.settings.management.entity.UserPreference)","data":null}
2026-05-26 07:54:06,582 - httpx - INFO - HTTP Request: POST http://localhost:8001/auth/login "HTTP/1.1 200 "
2026-05-26 08:15:30,177 - httpx - INFO - HTTP Request: GET http://localhost:8001/api/settings "HTTP/1.1 401 "
2026-05-26 08:15:30,178 - services.http_client - ERROR - Downstream error 401 at http://localhost:8001/api/settings: 
2026-05-26 08:15:30,181 - httpx - INFO - HTTP Request: GET http://localhost:8001/api/groups "HTTP/1.1 401 "
2026-05-26 08:15:30,183 - services.http_client - ERROR - Downstream error 401 at http://localhost:8001/api/groups: 
2026-05-26 08:15:31,475 - httpx - INFO - HTTP Request: GET http://localhost:8001/api/groups "HTTP/1.1 401 "
2026-05-26 08:15:31,477 - services.http_client - ERROR - Downstream error 401 at http://localhost:8001/api/groups: 
2026-05-26 08:15:31,479 - httpx - INFO - HTTP Request: GET http://localhost:8001/api/settings "HTTP/1.1 401 "
2026-05-26 08:15:31,480 - services.http_client - ERROR - Downstream error 401 at http://localhost:8001/api/settings: 
2026-05-26 08:20:43,784 - httpx - INFO - HTTP Request: POST http://localhost:8001/auth/register "HTTP/1.1 200 "
2026-05-26 08:20:44,376 - httpx - INFO - HTTP Request: POST http://localhost:8001/auth/login "HTTP/1.1 200 "
2026-05-26 08:20:44,756 - httpx - INFO - HTTP Request: GET http://localhost:8001/api/preferences "HTTP/1.1 500 "
2026-05-26 08:20:44,758 - services.http_client - ERROR - Downstream error 500 at http://localhost:8001/api/preferences: {"message":"null identifier (com.settings.management.entity.UserPreference)","data":null}
2026-05-26 08:52:23,675 - httpx - INFO - HTTP Request: POST http://localhost:8001/auth/register "HTTP/1.1 200 "
2026-05-26 08:52:24,224 - httpx - INFO - HTTP Request: POST http://localhost:8001/auth/login "HTTP/1.1 200 "
2026-05-26 08:52:24,673 - httpx - INFO - HTTP Request: GET http://localhost:8001/api/preferences "HTTP/1.1 200 "
2026-05-26 08:52:25,060 - httpx - INFO - HTTP Request: PUT http://localhost:8001/api/preferences "HTTP/1.1 200 "
2026-05-26 08:52:25,406 - httpx - INFO - HTTP Request: GET http://localhost:8001/api/preferences "HTTP/1.1 200 "
2026-05-26 08:52:43,565 - httpx - INFO - HTTP Request: POST http://localhost:8001/auth/login "HTTP/1.1 200 "
2026-05-26 08:52:43,857 - httpx - INFO - HTTP Request: GET http://localhost:8001/api/preferences "HTTP/1.1 200 "
2026-05-26 08:52:44,237 - httpx - INFO - HTTP Request: POST http://localhost:8001/api/preferences "HTTP/1.1 200 "
2026-05-26 08:52:44,587 - httpx - INFO - HTTP Request: GET http://localhost:8001/api/preferences "HTTP/1.1 200 "
2026-05-26 08:53:05,029 - httpx - INFO - HTTP Request: GET http://localhost:8001/api/preferences "HTTP/1.1 401 "
2026-05-26 08:53:05,031 - services.http_client - ERROR - Downstream error 401 at http://localhost:8001/api/preferences: 
